<?xml version="1.0" encoding="UTF-8"?>
<!-- Generated by org.testng.reporters.JUnitReportReporter -->
<testsuite hostname="ATUL" failures="0" tests="3" name="com.gb.TestCases.LoginPageTest" time="68.820" errors="0" timestamp="2023-07-20T09:56:56 IST" skipped="0">
  <testcase classname="com.gb.TestCases.LoginPageTest" name="loginTest" time="22.519"/>
  <testcase classname="com.gb.TestCases.LoginPageTest" name="loginPageTitleTest" time="29.974"/>
  <testcase classname="com.gb.TestCases.LoginPageTest" name="GuruLoginPageHeaderTest" time="16.327"/>
</testsuite> <!-- com.gb.TestCases.LoginPageTest -->
