<?xml version="1.0" encoding="UTF-8"?>
<!-- Generated by org.testng.reporters.JUnitReportReporter -->
<testsuite hostname="ATUL" failures="0" tests="3" name="com.gb.TestCases.HomePageTest" time="53.054" errors="0" timestamp="2023-07-20T09:56:56 IST" skipped="0">
  <testcase classname="com.gb.TestCases.HomePageTest" name="verifyManagerHomePageTitleTest" time="16.527"/>
  <testcase classname="com.gb.TestCases.HomePageTest" name="verifyManagerHomepageHeadingTest" time="17.588"/>
  <testcase classname="com.gb.TestCases.HomePageTest" name="verifyManagerIdTest" time="18.939"/>
</testsuite> <!-- com.gb.TestCases.HomePageTest -->
