<?xml version="1.0" encoding="UTF-8"?>
<!-- Generated by org.testng.reporters.JUnitReportReporter -->
<testsuite hostname="ATUL" failures="0" tests="6" name="com.gb.TestCases.NewCustomerPageTest" time="135.147" errors="0" timestamp="2023-07-20T09:56:56 IST" skipped="0">
  <testcase classname="com.gb.TestCases.NewCustomerPageTest" name="NewCustomerpageTitleTest" time="17.310"/>
  <testcase classname="com.gb.TestCases.NewCustomerPageTest" name="Validatecreatenewcustomer" time="19.980"/>
  <testcase classname="com.gb.TestCases.NewCustomerPageTest" name="Validatecreatenewcustomer" time="23.471"/>
  <testcase classname="com.gb.TestCases.NewCustomerPageTest" name="Validatecreatenewcustomer" time="27.002"/>
  <testcase classname="com.gb.TestCases.NewCustomerPageTest" name="Validatecreatenewcustomer" time="19.675"/>
  <testcase classname="com.gb.TestCases.NewCustomerPageTest" name="Validatecreatenewcustomer" time="27.709"/>
</testsuite> <!-- com.gb.TestCases.NewCustomerPageTest -->
